# JRE version: OpenJDK Runtime Environment (11.0.9+11) (build 11.0.9+11-Ubuntu-0ubuntu1.18.04.1)
# Java VM: OpenJDK 64-Bit Server VM (11.0.9+11-Ubuntu-0ubuntu1.18.04.1, mixed mode, sharing, tiered, compressed oops, g1 gc, linux-amd64)
Heap:
 garbage-first heap   total 76800K, used 34143K [0x00000000c4400000, 0x0000000100000000)
  region size 1024K, 27 young (27648K), 1 survivors (1024K)
 Metaspace       used 13313K, capacity 13951K, committed 14080K, reserved 1060864K
  class space    used 1517K, capacity 1780K, committed 1792K, reserved 1048576K
GC Heap History (20 events):
Event: 3,900 GC heap before
{Heap before GC invocations=12 (full 0):
 garbage-first heap   total 76800K, used 52541K [0x00000000c4400000, 0x0000000100000000)
  region size 1024K, 45 young (46080K), 2 survivors (2048K)
 Metaspace       used 12358K, capacity 12958K, committed 13312K, reserved 1060864K
  class space    used 1486K, capacity 1748K, committed 1792K, reserved 1048576K
}
Event: 3,902 GC heap after
{Heap after GC invocations=13 (full 0):
 garbage-first heap   total 76800K, used 8631K [0x00000000c4400000, 0x0000000100000000)
  region size 1024K, 2 young (2048K), 2 survivors (2048K)
 Metaspace       used 12358K, capacity 12958K, committed 13312K, reserved 1060864K
  class space    used 1486K, capacity 1748K, committed 1792K, reserved 1048576K
}
Event: 4,192 GC heap before
{Heap before GC invocations=13 (full 0):
 garbage-first heap   total 76800K, used 52663K [0x00000000c4400000, 0x0000000100000000)
  region size 1024K, 45 young (46080K), 2 survivors (2048K)
 Metaspace       used 12359K, capacity 12958K, committed 13312K, reserved 1060864K
  class space    used 1486K, capacity 1748K, committed 1792K, reserved 1048576K
}
Event: 4,194 GC heap after
{Heap after GC invocations=14 (full 0):
 garbage-first heap   total 76800K, used 8535K [0x00000000c4400000, 0x0000000100000000)
  region size 1024K, 2 young (2048K), 2 survivors (2048K)
 Metaspace       used 12359K, capacity 12958K, committed 13312K, reserved 1060864K
  class space    used 1486K, capacity 1748K, committed 1792K, reserved 1048576K
}
Event: 4,485 GC heap before
{Heap before GC invocations=14 (full 0):
 garbage-first heap   total 76800K, used 52567K [0x00000000c4400000, 0x0000000100000000)
  region size 1024K, 45 young (46080K), 2 survivors (2048K)
 Metaspace       used 12359K, capacity 12958K, committed 13312K, reserved 1060864K
  class space    used 1486K, capacity 1748K, committed 1792K, reserved 1048576K
}
Event: 4,486 GC heap after
{Heap after GC invocations=15 (full 0):
 garbage-first heap   total 76800K, used 8550K [0x00000000c4400000, 0x0000000100000000)
  region size 1024K, 2 young (2048K), 2 survivors (2048K)
 Metaspace       used 12359K, capacity 12958K, committed 13312K, reserved 1060864K
  class space    used 1486K, capacity 1748K, committed 1792K, reserved 1048576K
}
Event: 4,774 GC heap before
{Heap before GC invocations=15 (full 0):
 garbage-first heap   total 76800K, used 52582K [0x00000000c4400000, 0x0000000100000000)
  region size 1024K, 45 young (46080K), 2 survivors (2048K)
 Metaspace       used 12359K, capacity 12958K, committed 13312K, reserved 1060864K
  class space    used 1486K, capacity 1748K, committed 1792K, reserved 1048576K
}
Event: 4,776 GC heap after
{Heap after GC invocations=16 (full 0):
 garbage-first heap   total 76800K, used 8425K [0x00000000c4400000, 0x0000000100000000)
  region size 1024K, 2 young (2048K), 2 survivors (2048K)
 Metaspace       used 12359K, capacity 12958K, committed 13312K, reserved 1060864K
  class space    used 1486K, capacity 1748K, committed 1792K, reserved 1048576K
}
Event: 5,065 GC heap before
{Heap before GC invocations=16 (full 0):
 garbage-first heap   total 76800K, used 52457K [0x00000000c4400000, 0x0000000100000000)
  region size 1024K, 45 young (46080K), 2 survivors (2048K)
 Metaspace       used 12359K, capacity 12958K, committed 13312K, reserved 1060864K
  class space    used 1486K, capacity 1748K, committed 1792K, reserved 1048576K
}
Event: 5,067 GC heap after
{Heap after GC invocations=17 (full 0):
 garbage-first heap   total 76800K, used 8507K [0x00000000c4400000, 0x0000000100000000)
  region size 1024K, 1 young (1024K), 1 survivors (1024K)
 Metaspace       used 12359K, capacity 12958K, committed 13312K, reserved 1060864K
  class space    used 1486K, capacity 1748K, committed 1792K, reserved 1048576K
}
Event: 5,373 GC heap before
{Heap before GC invocations=17 (full 0):
 garbage-first heap   total 76800K, used 53563K [0x00000000c4400000, 0x0000000100000000)
  region size 1024K, 45 young (46080K), 1 survivors (1024K)
 Metaspace       used 12367K, capacity 12958K, committed 13312K, reserved 1060864K
  class space    used 1486K, capacity 1748K, committed 1792K, reserved 1048576K
}
Event: 5,375 GC heap after
{Heap after GC invocations=18 (full 0):
 garbage-first heap   total 76800K, used 8569K [0x00000000c4400000, 0x0000000100000000)
  region size 1024K, 1 young (1024K), 1 survivors (1024K)
 Metaspace       used 12367K, capacity 12958K, committed 13312K, reserved 1060864K
  class space    used 1486K, capacity 1748K, committed 1792K, reserved 1048576K
}
Event: 5,674 GC heap before
{Heap before GC invocations=18 (full 0):
 garbage-first heap   total 76800K, used 53625K [0x00000000c4400000, 0x0000000100000000)
  region size 1024K, 45 young (46080K), 1 survivors (1024K)
 Metaspace       used 12437K, capacity 13022K, committed 13312K, reserved 1060864K
  class space    used 1492K, capacity 1748K, committed 1792K, reserved 1048576K
}
Event: 5,674 GC heap after
{Heap after GC invocations=19 (full 0):
 garbage-first heap   total 76800K, used 8493K [0x00000000c4400000, 0x0000000100000000)
  region size 1024K, 1 young (1024K), 1 survivors (1024K)
 Metaspace       used 12437K, capacity 13022K, committed 13312K, reserved 1060864K
  class space    used 1492K, capacity 1748K, committed 1792K, reserved 1048576K
}
Event: 5,976 GC heap before
{Heap before GC invocations=19 (full 0):
 garbage-first heap   total 76800K, used 53549K [0x00000000c4400000, 0x0000000100000000)
  region size 1024K, 45 young (46080K), 1 survivors (1024K)
 Metaspace       used 12451K, capacity 13022K, committed 13312K, reserved 1060864K
  class space    used 1492K, capacity 1748K, committed 1792K, reserved 1048576K
}
Event: 5,976 GC heap after
{Heap after GC invocations=20 (full 0):
 garbage-first heap   total 76800K, used 8465K [0x00000000c4400000, 0x0000000100000000)
  region size 1024K, 1 young (1024K), 1 survivors (1024K)
 Metaspace       used 12451K, capacity 13022K, committed 13312K, reserved 1060864K
  class space    used 1492K, capacity 1748K, committed 1792K, reserved 1048576K
}
Event: 6,275 GC heap before
{Heap before GC invocations=20 (full 0):
 garbage-first heap   total 76800K, used 53521K [0x00000000c4400000, 0x0000000100000000)
  region size 1024K, 45 young (46080K), 1 survivors (1024K)
 Metaspace       used 12495K, capacity 13118K, committed 13312K, reserved 1060864K
  class space    used 1499K, capacity 1780K, committed 1792K, reserved 1048576K
}
Event: 6,275 GC heap after
{Heap after GC invocations=21 (full 0):
 garbage-first heap   total 76800K, used 8470K [0x00000000c4400000, 0x0000000100000000)
  region size 1024K, 1 young (1024K), 1 survivors (1024K)
 Metaspace       used 12495K, capacity 13118K, committed 13312K, reserved 1060864K
  class space    used 1499K, capacity 1780K, committed 1792K, reserved 1048576K
}
Event: 21,539 GC heap before
{Heap before GC invocations=21 (full 0):
 garbage-first heap   total 76800K, used 53526K [0x00000000c4400000, 0x0000000100000000)
  region size 1024K, 45 young (46080K), 1 survivors (1024K)
 Metaspace       used 13232K, capacity 13887K, committed 14080K, reserved 1060864K
  class space    used 1515K, capacity 1780K, committed 1792K, reserved 1048576K
}
Event: 21,541 GC heap after
{Heap after GC invocations=22 (full 0):
 garbage-first heap   total 76800K, used 8543K [0x00000000c4400000, 0x0000000100000000)
  region size 1024K, 1 young (1024K), 1 survivors (1024K)
 Metaspace       used 13232K, capacity 13887K, committed 14080K, reserved 1060864K
  class space    used 1515K, capacity 1780K, committed 1792K, reserved 1048576K
}

